<?xml version="1.0" encoding="UTF-8"?>
<testsuites name="successful_login_and_errors" time="451.768" tests="4" failures="0" errors="0">
   <testsuite name="successful_login_and_errors" tests="4" failures="0" errors="0" time="451.768" skipped="0" timestamp="06-02-2024T20:05:51" hostname="Devil - LAPTOP-V2P5S4MK.mshome.net" id="Test Suites/successful_login_and_errors/successful_login_and_errors">
      <properties>
         <property name="deviceName" value=""/>
         <property name="devicePlatform" value=""/>
         <property name="logFolder" value="C:\\Users\\Devil\\git\\SI-GuidedProject-705690-1704903143\\Reports\\20240206_200545\\successful_login_and_errors\\successful_login_and_errors\\20240206_200545"/>
         <property name="logFiles" value="C:\\Users\\Devil\\git\\SI-GuidedProject-705690-1704903143\\Reports\\20240206_200545\\successful_login_and_errors\\successful_login_and_errors\\20240206_200545\\execution0.log"/>
         <property name="attachments" value="C:\\Users\\Devil\\git\\SI-GuidedProject-705690-1704903143\\Reports\\20240206_200545\\successful_login_and_errors\\successful_login_and_errors\\20240206_200545\\1707230195200.png, C:\\Users\\Devil\\git\\SI-GuidedProject-705690-1704903143\\Reports\\20240206_200545\\successful_login_and_errors\\successful_login_and_errors\\20240206_200545\\1707230233887.png, C:\\Users\\Devil\\git\\SI-GuidedProject-705690-1704903143\\Reports\\20240206_200545\\successful_login_and_errors\\successful_login_and_errors\\20240206_200545\\1707230324260.png"/>
         <property name="hostName" value="Devil - LAPTOP-V2P5S4MK.mshome.net"/>
         <property name="os" value="Windows 10 64bit"/>
         <property name="katalonVersion" value="9.2.0.212"/>
         <property name="browser" value="Chrome 121.0.0.0"/>
         <property name="hostAddress" value="192.168.137.1"/>
         <property name="sessionId" value="4a18c4d41519d50500b75aa3987c75b2"/>
         <property name="seleniumVersion" value="3.141.59"/>
         <property name="proxyInformation" value="ProxyInformation { proxyOption=NO_PROXY, proxyServerType=HTTP, username=, password=********, proxyServerAddress=, proxyServerPort=0, executionList=&quot;&quot;, isApplyToDesiredCapabilities=true }"/>
         <property name="platform" value="Windows 10"/>
      </properties>
      <testcase name="Test Cases/login/login_invalid001" time="37.737" classname="Test Cases/login/login_invalid001" status="PASSED">
         <system-out><![CDATA[06-02-2024T20:07:14 - [TEST_CASE][PASSED] - Test Cases/login/login_invalid001: Test Cases/login/login_invalid001

06-02-2024T20:07:14 - [TEST_STEP][PASSED] - openBrowser(""): Browser is opened with url: ''

06-02-2024T20:07:14 - [MESSAGE][WARNING] - A browser is already opened. Closing browser and opening a new one

06-02-2024T20:07:15 - [MESSAGE][INFO] - Starting 'Chrome' driver

06-02-2024T20:07:15 - [MESSAGE][INFO] - Action delay is set to 0 milliseconds

06-02-2024T20:07:16 - [MESSAGE][PASSED] - Browser is opened with url: ''

06-02-2024T20:07:16 - [TEST_STEP][PASSED] - navigateToUrl("https://www.amazon.in/"): Navigate to 'https://www.amazon.in/' successfully

06-02-2024T20:07:21 - [MESSAGE][PASSED] - Navigate to 'https://www.amazon.in/' successfully

06-02-2024T20:07:21 - [TEST_STEP][PASSED] - click(findTestObject("Object Repository/login/login_invalid001/Page_Online Shopping site in India Shop Onl_10c5f3/span_Sign in")): Object: 'Object Repository/login/login_invalid001/Page_Online Shopping site in India Shop Onl_10c5f3/span_Sign in' is clicked on

06-02-2024T20:07:24 - [MESSAGE][PASSED] - Object: 'Object Repository/login/login_invalid001/Page_Online Shopping site in India Shop Onl_10c5f3/span_Sign in' is clicked on

06-02-2024T20:07:24 - [TEST_STEP][PASSED] - setText(findTestObject("Object Repository/login/login_invalid001/Page_Amazon Sign In/input_email"), "7779970102"): Text '7779970102' is set on object 'Object Repository/login/login_invalid001/Page_Amazon Sign In/input_email'

06-02-2024T20:07:26 - [MESSAGE][PASSED] - Text '7779970102' is set on object 'Object Repository/login/login_invalid001/Page_Amazon Sign In/input_email'

06-02-2024T20:07:26 - [TEST_STEP][PASSED] - click(findTestObject("Object Repository/login/login_invalid001/Page_Amazon Sign In/inputcontinue")): Object: 'Object Repository/login/login_invalid001/Page_Amazon Sign In/inputcontinue' is clicked on

06-02-2024T20:07:27 - [MESSAGE][PASSED] - Object: 'Object Repository/login/login_invalid001/Page_Amazon Sign In/inputcontinue' is clicked on

06-02-2024T20:07:27 - [TEST_STEP][PASSED] - setEncryptedText(findTestObject("Object Repository/login/login_invalid001/Page_Amazon Sign In/input_password"), "bTwHvk7+CW7zmy5US5sLFA=="): Text ****** has been set on object 'Object Repository/login/login_invalid001/Page_Amazon Sign In/input_password'

06-02-2024T20:07:28 - [MESSAGE][PASSED] - Text ****** has been set on object 'Object Repository/login/login_invalid001/Page_Amazon Sign In/input_password'

06-02-2024T20:07:28 - [TEST_STEP][PASSED] - click(findTestObject("Object Repository/login/login_invalid001/Page_Amazon Sign In/inputsignInSubmit")): Object: 'Object Repository/login/login_invalid001/Page_Amazon Sign In/inputsignInSubmit' is clicked on

06-02-2024T20:07:29 - [MESSAGE][PASSED] - Object: 'Object Repository/login/login_invalid001/Page_Amazon Sign In/inputsignInSubmit' is clicked on

06-02-2024T20:07:29 - [TEST_STEP][PASSED] - click(findTestObject("Object Repository/login/login_invalid001/Page_Amazon Sign In/li_Your password is incorrect")): Object: 'Object Repository/login/login_invalid001/Page_Amazon Sign In/li_Your password is incorrect' is clicked on

06-02-2024T20:07:51 - [MESSAGE][PASSED] - Object: 'Object Repository/login/login_invalid001/Page_Amazon Sign In/li_Your password is incorrect' is clicked on

06-02-2024T20:07:51 - [TEST_STEP][PASSED] - verifyElementText(findTestObject("Object Repository/login/login_invalid001/Page_Amazon Sign In/span_Your password is incorrect"), "Your password is incorrect"): Actual text and expected text of test object 'Object Repository/login/login_invalid001/Page_Amazon Sign In/span_Your password is incorrect' are matched.

06-02-2024T20:07:51 - [MESSAGE][PASSED] - Actual text and expected text of test object 'Object Repository/login/login_invalid001/Page_Amazon Sign In/span_Your password is incorrect' are matched.

06-02-2024T20:07:51 - [TEST_STEP][PASSED] - closeBrowser(): Browser is closed

06-02-2024T20:07:52 - [MESSAGE][PASSED] - Browser is closed]]></system-out>
         <system-err><![CDATA[]]></system-err>
      </testcase>
      <testcase name="Test Cases/login/login_invalid003" time="11.954" classname="Test Cases/login/login_invalid003" status="PASSED">
         <system-out><![CDATA[06-02-2024T20:07:52 - [TEST_CASE][PASSED] - Test Cases/login/login_invalid003: Test Cases/login/login_invalid003

06-02-2024T20:07:52 - [TEST_STEP][PASSED] - openBrowser(""): Browser is opened with url: ''

06-02-2024T20:07:52 - [MESSAGE][INFO] - Starting 'Chrome' driver

06-02-2024T20:07:52 - [MESSAGE][INFO] - Action delay is set to 0 milliseconds

06-02-2024T20:07:53 - [MESSAGE][PASSED] - Browser is opened with url: ''

06-02-2024T20:07:53 - [TEST_STEP][PASSED] - navigateToUrl("https://www.amazon.in/"): Navigate to 'https://www.amazon.in/' successfully

06-02-2024T20:07:58 - [MESSAGE][PASSED] - Navigate to 'https://www.amazon.in/' successfully

06-02-2024T20:07:58 - [TEST_STEP][PASSED] - click(findTestObject("Object Repository/login/login_invalid003/Page_Online Shopping site in India Shop Onl_10c5f3/i_hm-icon nav-sprite")): Object: 'Object Repository/login/login_invalid003/Page_Online Shopping site in India Shop Onl_10c5f3/i_hm-icon nav-sprite' is clicked on

06-02-2024T20:08:00 - [MESSAGE][PASSED] - Object: 'Object Repository/login/login_invalid003/Page_Online Shopping site in India Shop Onl_10c5f3/i_hm-icon nav-sprite' is clicked on

06-02-2024T20:08:00 - [TEST_STEP][PASSED] - click(findTestObject("Object Repository/login/login_invalid003/Page_Online Shopping site in India Shop Onl_10c5f3/b_Hello, sign in")): Object: 'Object Repository/login/login_invalid003/Page_Online Shopping site in India Shop Onl_10c5f3/b_Hello, sign in' is clicked on

06-02-2024T20:08:02 - [MESSAGE][PASSED] - Object: 'Object Repository/login/login_invalid003/Page_Online Shopping site in India Shop Onl_10c5f3/b_Hello, sign in' is clicked on

06-02-2024T20:08:02 - [TEST_STEP][PASSED] - click(findTestObject("Object Repository/login/login_invalid003/Page_Amazon Sign In/inputcontinue")): Object: 'Object Repository/login/login_invalid003/Page_Amazon Sign In/inputcontinue' is clicked on

06-02-2024T20:08:03 - [MESSAGE][PASSED] - Object: 'Object Repository/login/login_invalid003/Page_Amazon Sign In/inputcontinue' is clicked on

06-02-2024T20:08:04 - [TEST_STEP][PASSED] - closeBrowser(): Browser is closed

06-02-2024T20:08:04 - [MESSAGE][PASSED] - Browser is closed]]></system-out>
         <system-err><![CDATA[]]></system-err>
      </testcase>
      <testcase name="Test Cases/login/login_normal002" time="129.454" classname="Test Cases/login/login_normal002" status="PASSED">
         <system-out><![CDATA[06-02-2024T20:08:44 - [TEST_CASE][PASSED] - Test Cases/login/login_normal002: Test Cases/login/login_normal002

06-02-2024T20:08:44 - [TEST_STEP][PASSED] - openBrowser(""): Browser is opened with url: ''

06-02-2024T20:08:44 - [MESSAGE][WARNING] - A browser is already opened. Closing browser and opening a new one

06-02-2024T20:08:44 - [MESSAGE][INFO] - Starting 'Chrome' driver

06-02-2024T20:08:44 - [MESSAGE][INFO] - Action delay is set to 0 milliseconds

06-02-2024T20:08:46 - [MESSAGE][PASSED] - Browser is opened with url: ''

06-02-2024T20:08:46 - [TEST_STEP][PASSED] - navigateToUrl("https://www.amazon.in/"): Navigate to 'https://www.amazon.in/' successfully

06-02-2024T20:08:51 - [MESSAGE][PASSED] - Navigate to 'https://www.amazon.in/' successfully

06-02-2024T20:08:51 - [TEST_STEP][PASSED] - click(findTestObject("Object Repository/login/login_normal002/Page_Online Shopping site in India Shop Onl_10c5f3/i_hm-icon nav-sprite")): Object: 'Object Repository/login/login_normal002/Page_Online Shopping site in India Shop Onl_10c5f3/i_hm-icon nav-sprite' is clicked on

06-02-2024T20:08:52 - [MESSAGE][PASSED] - Object: 'Object Repository/login/login_normal002/Page_Online Shopping site in India Shop Onl_10c5f3/i_hm-icon nav-sprite' is clicked on

06-02-2024T20:08:52 - [TEST_STEP][PASSED] - click(findTestObject("Object Repository/login/login_normal002/Page_Online Shopping site in India Shop Onl_10c5f3/b_Hello, sign in")): Object: 'Object Repository/login/login_normal002/Page_Online Shopping site in India Shop Onl_10c5f3/b_Hello, sign in' is clicked on

06-02-2024T20:08:55 - [MESSAGE][PASSED] - Object: 'Object Repository/login/login_normal002/Page_Online Shopping site in India Shop Onl_10c5f3/b_Hello, sign in' is clicked on

06-02-2024T20:08:55 - [TEST_STEP][PASSED] - setText(findTestObject("Object Repository/login/login_normal002/Page_Amazon Sign In/input_email"), "7779970102"): Text '7779970102' is set on object 'Object Repository/login/login_normal002/Page_Amazon Sign In/input_email'

06-02-2024T20:08:56 - [MESSAGE][PASSED] - Text '7779970102' is set on object 'Object Repository/login/login_normal002/Page_Amazon Sign In/input_email'

06-02-2024T20:08:56 - [TEST_STEP][PASSED] - click(findTestObject("Object Repository/login/login_normal002/Page_Amazon Sign In/inputcontinue")): Object: 'Object Repository/login/login_normal002/Page_Amazon Sign In/inputcontinue' is clicked on

06-02-2024T20:08:58 - [MESSAGE][PASSED] - Object: 'Object Repository/login/login_normal002/Page_Amazon Sign In/inputcontinue' is clicked on

06-02-2024T20:08:58 - [TEST_STEP][PASSED] - setEncryptedText(findTestObject("Object Repository/login/login_normal002/Page_Amazon Sign In/input_password"), "eSPcD+aU0jcqZChrJx5wLA=="): Text ****** has been set on object 'Object Repository/login/login_normal002/Page_Amazon Sign In/input_password'

06-02-2024T20:08:59 - [MESSAGE][PASSED] - Text ****** has been set on object 'Object Repository/login/login_normal002/Page_Amazon Sign In/input_password'

06-02-2024T20:08:59 - [TEST_STEP][PASSED] - click(findTestObject("Object Repository/login/login_normal002/Page_Amazon Sign In/inputsignInSubmit")): Object: 'Object Repository/login/login_normal002/Page_Amazon Sign In/inputsignInSubmit' is clicked on

06-02-2024T20:08:59 - [MESSAGE][PASSED] - Object: 'Object Repository/login/login_normal002/Page_Amazon Sign In/inputsignInSubmit' is clicked on

06-02-2024T20:08:59 - [TEST_STEP][PASSED] - click(findTestObject("Object Repository/login/login_normal002/Page_Online Shopping site in India Shop Onl_10c5f3/i_hm-icon nav-sprite")): Object: 'Object Repository/login/login_normal002/Page_Online Shopping site in India Shop Onl_10c5f3/i_hm-icon nav-sprite' is clicked on

06-02-2024T20:09:08 - [MESSAGE][PASSED] - Object: 'Object Repository/login/login_normal002/Page_Online Shopping site in India Shop Onl_10c5f3/i_hm-icon nav-sprite' is clicked on

06-02-2024T20:09:08 - [TEST_STEP][PASSED] - click(findTestObject("Object Repository/login/login_normal002/Page_Online Shopping site in India Shop Onl_10c5f3/div_Help  Settings")): Object: 'Object Repository/login/login_normal002/Page_Online Shopping site in India Shop Onl_10c5f3/div_Help  Settings' is clicked on

06-02-2024T20:09:40 - [MESSAGE][INFO] - Unable to find the element located by 'By.xpath: //div[@id='hmenu-content']/ul/li[29]/div'. Please recheck the objects properties to make sure the desired element is located. 

06-02-2024T20:09:40 - [MESSAGE][WARNING] - [SELF-HEALING] Failed to find element with id 'Object Repository/login/login_normal002/Page_Online Shopping site in India Shop Onl_10c5f3/div_Help  Settings'. Try using Self-healing.

06-02-2024T20:09:41 - [MESSAGE][WARNING] - [SELF-HEALING] The current locator of test object 'Object Repository/login/login_normal002/Page_Online Shopping site in India Shop Onl_10c5f3/div_Help  Settings' was broken. Propose an alternative one: '//div[(text() = 'Help & Settings' or . = 'Help & Settings')]'.

06-02-2024T20:09:42 - [MESSAGE][PASSED] - Object: 'Object Repository/login/login_normal002/Page_Online Shopping site in India Shop Onl_10c5f3/div_Help  Settings' is clicked on

06-02-2024T20:09:42 - [TEST_STEP][PASSED] - verifyElementText(findTestObject("Object Repository/login/login_normal002/Page_Online Shopping site in India Shop Onl_10c5f3/div_Help  Settings"), "Help & Settings"): Actual text and expected text of test object 'Object Repository/login/login_normal002/Page_Online Shopping site in India Shop Onl_10c5f3/div_Help  Settings' are matched.

06-02-2024T20:10:14 - [MESSAGE][INFO] - Unable to find the element located by 'By.xpath: //div[@id='hmenu-content']/ul/li[29]/div'. Please recheck the objects properties to make sure the desired element is located. 

06-02-2024T20:10:14 - [MESSAGE][WARNING] - [SELF-HEALING] Failed to find element with id 'Object Repository/login/login_normal002/Page_Online Shopping site in India Shop Onl_10c5f3/div_Help  Settings'. Try using Self-healing.

06-02-2024T20:10:15 - [MESSAGE][WARNING] - [SELF-HEALING] The current locator of test object 'Object Repository/login/login_normal002/Page_Online Shopping site in India Shop Onl_10c5f3/div_Help  Settings' was broken. Propose an alternative one: '//div[(text() = 'Help & Settings' or . = 'Help & Settings')]'.

06-02-2024T20:10:15 - [MESSAGE][PASSED] - Actual text and expected text of test object 'Object Repository/login/login_normal002/Page_Online Shopping site in India Shop Onl_10c5f3/div_Help  Settings' are matched.

06-02-2024T20:10:15 - [TEST_STEP][PASSED] - click(findTestObject("Object Repository/login/login_normal002/Page_Online Shopping site in India Shop Onl_10c5f3/a_Sign Out")): Object: 'Object Repository/login/login_normal002/Page_Online Shopping site in India Shop Onl_10c5f3/a_Sign Out' is clicked on

06-02-2024T20:10:46 - [MESSAGE][INFO] - Unable to find the element located by 'By.xpath: //a[@onclick="$Nav.getNow('signInRedirect')('nav_em_hd_re_signin', '/gp/flex/sign-out.html?action=sign-out&path=%2Fgp%2Fhomepage.html%3F_encoding%3DUTF8%26ref_%3Dnavm_em_signin&signIn=1&useRedirectOnSuccess=1&ref_=nav_em_signout_0_1_1_37', 'nav_em_hd_clc_signin_0_1_1_37')"]'. Please recheck the objects properties to make sure the desired element is located. 

06-02-2024T20:10:46 - [MESSAGE][WARNING] - [SELF-HEALING] Failed to find element with id 'Object Repository/login/login_normal002/Page_Online Shopping site in India Shop Onl_10c5f3/a_Sign Out'. Try using Self-healing.

06-02-2024T20:10:47 - [MESSAGE][INFO] - [SELF-HEALING] Failed Locator: '//a[@onclick="$Nav.getNow('signInRedirect')('nav_em_hd_re_signin', '/gp/flex/sign-out.html?action=sign-out&path=%2Fgp%2Fhomepage.html%3F_encoding%3DUTF8%26ref_%3Dnavm_em_signin&signIn=1&useRedirectOnSuccess=1&ref_=nav_em_signout_0_1_1_37', 'nav_em_hd_clc_signin_0_1_1_37')"]'.

06-02-2024T20:10:48 - [MESSAGE][INFO] - [SELF-HEALING] Failed Locator: '//div[@id='hmenu-content']/ul/li[32]/a'.

06-02-2024T20:10:49 - [MESSAGE][INFO] - [SELF-HEALING] Working Locator: '(//a[contains(text(),'Sign Out')])[2]'.

06-02-2024T20:10:50 - [MESSAGE][INFO] - [SELF-HEALING] Screenshot: C:/Users/Devil/git/SI-GuidedProject-705690-1704903143/Reports/Self-healing/Object Repository/login/login_normal002/Page_Online Shopping site in India Shop Onl_10c5f3/a_Sign Out_link.png

06-02-2024T20:10:50 - [MESSAGE][WARNING] - [SELF-HEALING] The current locator of test object 'Object Repository/login/login_normal002/Page_Online Shopping site in India Shop Onl_10c5f3/a_Sign Out' was broken. Propose an alternative one: '(//a[contains(text(),'Sign Out')])[2]'.

06-02-2024T20:10:53 - [MESSAGE][PASSED] - Object: 'Object Repository/login/login_normal002/Page_Online Shopping site in India Shop Onl_10c5f3/a_Sign Out' is clicked on

06-02-2024T20:10:53 - [TEST_STEP][PASSED] - closeBrowser(): Browser is closed

06-02-2024T20:10:53 - [MESSAGE][PASSED] - Browser is closed]]></system-out>
         <system-err><![CDATA[]]></system-err>
      </testcase>
      <testcase name="Test Cases/login/login_normal_with_otp" time="149.552" classname="Test Cases/login/login_normal_with_otp" status="PASSED">
         <system-out><![CDATA[06-02-2024T20:10:53 - [TEST_CASE][PASSED] - Test Cases/login/login_normal_with_otp: Test Cases/login/login_normal_with_otp

06-02-2024T20:10:54 - [TEST_STEP][PASSED] - openBrowser(""): Browser is opened with url: ''

06-02-2024T20:10:54 - [MESSAGE][INFO] - Starting 'Chrome' driver

06-02-2024T20:10:54 - [MESSAGE][INFO] - Action delay is set to 0 milliseconds

06-02-2024T20:10:56 - [MESSAGE][PASSED] - Browser is opened with url: ''

06-02-2024T20:10:56 - [TEST_STEP][PASSED] - navigateToUrl("https://www.amazon.in/"): Navigate to 'https://www.amazon.in/' successfully

06-02-2024T20:11:00 - [MESSAGE][PASSED] - Navigate to 'https://www.amazon.in/' successfully

06-02-2024T20:11:00 - [TEST_STEP][PASSED] - click(findTestObject("Object Repository/login/login_normal_with_otp/Page_Online Shopping site in India Shop Onl_10c5f3/i_hm-icon nav-sprite")): Object: 'Object Repository/login/login_normal_with_otp/Page_Online Shopping site in India Shop Onl_10c5f3/i_hm-icon nav-sprite' is clicked on

06-02-2024T20:11:20 - [MESSAGE][PASSED] - Object: 'Object Repository/login/login_normal_with_otp/Page_Online Shopping site in India Shop Onl_10c5f3/i_hm-icon nav-sprite' is clicked on

06-02-2024T20:11:20 - [TEST_STEP][PASSED] - click(findTestObject("Object Repository/login/login_normal_with_otp/Page_Online Shopping site in India Shop Onl_10c5f3/b_Hello, sign in")): Object: 'Object Repository/login/login_normal_with_otp/Page_Online Shopping site in India Shop Onl_10c5f3/b_Hello, sign in' is clicked on

06-02-2024T20:11:25 - [MESSAGE][PASSED] - Object: 'Object Repository/login/login_normal_with_otp/Page_Online Shopping site in India Shop Onl_10c5f3/b_Hello, sign in' is clicked on

06-02-2024T20:11:25 - [TEST_STEP][PASSED] - setText(findTestObject("Object Repository/login/login_normal_with_otp/Page_Amazon Sign In/input_email"), "7779970102"): Text '7779970102' is set on object 'Object Repository/login/login_normal_with_otp/Page_Amazon Sign In/input_email'

06-02-2024T20:11:27 - [MESSAGE][PASSED] - Text '7779970102' is set on object 'Object Repository/login/login_normal_with_otp/Page_Amazon Sign In/input_email'

06-02-2024T20:11:27 - [TEST_STEP][PASSED] - click(findTestObject("Object Repository/login/login_normal_with_otp/Page_Amazon Sign In/inputcontinue")): Object: 'Object Repository/login/login_normal_with_otp/Page_Amazon Sign In/inputcontinue' is clicked on

06-02-2024T20:11:30 - [MESSAGE][PASSED] - Object: 'Object Repository/login/login_normal_with_otp/Page_Amazon Sign In/inputcontinue' is clicked on

06-02-2024T20:11:30 - [TEST_STEP][PASSED] - click(findTestObject("Object Repository/login/login_normal_with_otp/Page_Amazon Sign In/h5_or")): Object: 'Object Repository/login/login_normal_with_otp/Page_Amazon Sign In/h5_or' is clicked on

06-02-2024T20:12:01 - [MESSAGE][INFO] - Unable to find the element located by 'By.xpath: //div[@id='ap-signin-alternative-option-divider']/div/h5'. Please recheck the objects properties to make sure the desired element is located. 

06-02-2024T20:12:01 - [MESSAGE][WARNING] - [SELF-HEALING] Failed to find element with id 'Object Repository/login/login_normal_with_otp/Page_Amazon Sign In/h5_or'. Try using Self-healing.

06-02-2024T20:12:01 - [MESSAGE][INFO] - [SELF-HEALING] Failed Locator: '//div[@id='ap-signin-alternative-option-divider']/div/h5'.

06-02-2024T20:12:01 - [MESSAGE][INFO] - [SELF-HEALING] Working Locator: '//h5'.

06-02-2024T20:12:02 - [MESSAGE][INFO] - [SELF-HEALING] Screenshot: C:/Users/Devil/git/SI-GuidedProject-705690-1704903143/Reports/Self-healing/Object Repository/login/login_normal_with_otp/Page_Amazon Sign In/h5_or_position.png

06-02-2024T20:12:02 - [MESSAGE][WARNING] - [SELF-HEALING] The current locator of test object 'Object Repository/login/login_normal_with_otp/Page_Amazon Sign In/h5_or' was broken. Propose an alternative one: '//h5'.

06-02-2024T20:12:02 - [MESSAGE][PASSED] - Object: 'Object Repository/login/login_normal_with_otp/Page_Amazon Sign In/h5_or' is clicked on

06-02-2024T20:12:02 - [TEST_STEP][PASSED] - verifyElementText(findTestObject("Object Repository/login/login_normal_with_otp/Page_Amazon Sign In/h5_or"), "or"): Actual text and expected text of test object 'Object Repository/login/login_normal_with_otp/Page_Amazon Sign In/h5_or' are matched.

06-02-2024T20:12:33 - [MESSAGE][INFO] - Unable to find the element located by 'By.xpath: //div[@id='ap-signin-alternative-option-divider']/div/h5'. Please recheck the objects properties to make sure the desired element is located. 

06-02-2024T20:12:33 - [MESSAGE][WARNING] - [SELF-HEALING] Failed to find element with id 'Object Repository/login/login_normal_with_otp/Page_Amazon Sign In/h5_or'. Try using Self-healing.

06-02-2024T20:12:33 - [MESSAGE][WARNING] - [SELF-HEALING] The current locator of test object 'Object Repository/login/login_normal_with_otp/Page_Amazon Sign In/h5_or' was broken. Propose an alternative one: '//h5'.

06-02-2024T20:12:33 - [MESSAGE][PASSED] - Actual text and expected text of test object 'Object Repository/login/login_normal_with_otp/Page_Amazon Sign In/h5_or' are matched.

06-02-2024T20:12:33 - [TEST_STEP][PASSED] - click(findTestObject("Object Repository/login/login_normal_with_otp/Page_Amazon Sign In/inputcontinue")): Object: 'Object Repository/login/login_normal_with_otp/Page_Amazon Sign In/inputcontinue' is clicked on

06-02-2024T20:12:36 - [MESSAGE][PASSED] - Object: 'Object Repository/login/login_normal_with_otp/Page_Amazon Sign In/inputcontinue' is clicked on

06-02-2024T20:12:36 - [TEST_STEP][PASSED] - setText(findTestObject("Object Repository/login/login_normal_with_otp/Page_Authentication required/input_code"), ""): Text '' is set on object 'Object Repository/login/login_normal_with_otp/Page_Authentication required/input_code'

06-02-2024T20:12:37 - [MESSAGE][PASSED] - Text '' is set on object 'Object Repository/login/login_normal_with_otp/Page_Authentication required/input_code'

06-02-2024T20:12:37 - [TEST_STEP][PASSED] - click(findTestObject("Object Repository/login/login_normal_with_otp/Page_Authentication required/input_a-button-input")): Object: 'Object Repository/login/login_normal_with_otp/Page_Authentication required/input_a-button-input' is clicked on

06-02-2024T20:13:08 - [MESSAGE][INFO] - Unable to find the element located by 'By.xpath: //*[@id="auth-login-via-otp-btn"]'. Please recheck the objects properties to make sure the desired element is located. 

06-02-2024T20:13:08 - [MESSAGE][WARNING] - [SELF-HEALING] Failed to find element with id 'Object Repository/login/login_normal_with_otp/Page_Authentication required/input_a-button-input'. Try using Self-healing.

06-02-2024T20:13:09 - [MESSAGE][INFO] - [SELF-HEALING] Working Locator: '//input[@type='submit']'.

06-02-2024T20:13:10 - [MESSAGE][INFO] - [SELF-HEALING] Screenshot: C:/Users/Devil/git/SI-GuidedProject-705690-1704903143/Reports/Self-healing/Object Repository/login/login_normal_with_otp/Page_Authentication required/input_a-button-input_attributes.png

06-02-2024T20:13:10 - [MESSAGE][WARNING] - [SELF-HEALING] The current locator of test object 'Object Repository/login/login_normal_with_otp/Page_Authentication required/input_a-button-input' was broken. Propose an alternative one: '//input[@type='submit']'.

06-02-2024T20:13:14 - [MESSAGE][PASSED] - Object: 'Object Repository/login/login_normal_with_otp/Page_Authentication required/input_a-button-input' is clicked on

06-02-2024T20:13:14 - [TEST_STEP][PASSED] - click(findTestObject("Object Repository/login/login_normal_with_otp/Page_Online Shopping site in India Shop Onl_10c5f3/i_hm-icon nav-sprite")): Object: 'Object Repository/login/login_normal_with_otp/Page_Online Shopping site in India Shop Onl_10c5f3/i_hm-icon nav-sprite' is clicked on

06-02-2024T20:13:18 - [MESSAGE][PASSED] - Object: 'Object Repository/login/login_normal_with_otp/Page_Online Shopping site in India Shop Onl_10c5f3/i_hm-icon nav-sprite' is clicked on

06-02-2024T20:13:18 - [TEST_STEP][PASSED] - click(findTestObject("Object Repository/login/login_normal_with_otp/Page_Online Shopping site in India Shop Onl_10c5f3/a_Sign Out")): Object: 'Object Repository/login/login_normal_with_otp/Page_Online Shopping site in India Shop Onl_10c5f3/a_Sign Out' is clicked on

06-02-2024T20:13:22 - [MESSAGE][PASSED] - Object: 'Object Repository/login/login_normal_with_otp/Page_Online Shopping site in India Shop Onl_10c5f3/a_Sign Out' is clicked on

06-02-2024T20:13:22 - [TEST_STEP][PASSED] - closeBrowser(): Browser is closed

06-02-2024T20:13:23 - [MESSAGE][PASSED] - Browser is closed]]></system-out>
         <system-err><![CDATA[]]></system-err>
      </testcase>
      <system-out><![CDATA[06-02-2024T20:05:51 - [TEST_SUITE][FAILED] - successful_login_and_errors: Test Cases/login/login_invalid001 FAILED.
Reason:
com.kms.katalon.core.exception.StepFailedException: Unable to click on object 'Object Repository/login/login_invalid001/Page_Online Shopping site in India Shop Onl_10c5f3/span_Sign in'
	at com.kms.katalon.core.webui.keyword.internal.WebUIKeywordMain.stepFailed(WebUIKeywordMain.groovy:64)
	at com.kms.katalon.core.webui.keyword.internal.WebUIKeywordMain.runKeyword(WebUIKeywordMain.groovy:26)
	at com.kms.katalon.core.webui.keyword.builtin.ClickKeyword.click(ClickKeyword.groovy:74)
	at com.kms.katalon.core.webui.keyword.builtin.ClickKeyword.execute(ClickKeyword.groovy:40)
	at com.kms.katalon.core.keyword.internal.KeywordExecutor.executeKeywordForPlatform(KeywordExecutor.groovy:74)
	at com.kms.katalon.core.webui.keyword.WebUiBuiltInKeywords.click(WebUiBuiltInKeywords.groovy:659)
	at login_invalid001.run(login_invalid001:24)
	at com.kms.katalon.core.main.ScriptEngine.run(ScriptEngine.java:194)
	at com.kms.katalon.core.main.ScriptEngine.runScriptAsRawText(ScriptEngine.java:119)
	at com.kms.katalon.core.main.TestCaseExecutor.runScript(TestCaseExecutor.java:448)
	at com.kms.katalon.core.main.TestCaseExecutor.doExecute(TestCaseExecutor.java:439)
	at com.kms.katalon.core.main.TestCaseExecutor.processExecutionPhase(TestCaseExecutor.java:418)
	at com.kms.katalon.core.main.TestCaseExecutor.accessMainPhase(TestCaseExecutor.java:410)
	at com.kms.katalon.core.main.TestCaseExecutor.execute(TestCaseExecutor.java:285)
	at com.kms.katalon.core.common.CommonExecutor.accessTestCaseMainPhase(CommonExecutor.java:65)
	at com.kms.katalon.core.main.TestSuiteExecutor.accessTestSuiteMainPhase(TestSuiteExecutor.java:148)
	at com.kms.katalon.core.main.TestSuiteExecutor.execute(TestSuiteExecutor.java:106)
	at com.kms.katalon.core.main.TestCaseMain.startTestSuite(TestCaseMain.java:180)
	at TempTestSuite1707230145418.run(TempTestSuite1707230145418.groovy:36)
	at java.base/jdk.internal.reflect.NativeMethodAccessorImpl.invoke0(Native Method)
	at java.base/jdk.internal.reflect.NativeMethodAccessorImpl.invoke(NativeMethodAccessorImpl.java:77)
	at java.base/jdk.internal.reflect.DelegatingMethodAccessorImpl.invoke(DelegatingMethodAccessorImpl.java:43)
Caused by: org.openqa.selenium.ElementNotInteractableException: element not interactable
  (Session info: chrome=121.0.6167.140)
Build info: version: '3.141.59', revision: 'e82be7d358', time: '2018-11-14T08:25:53'
System info: host: 'LAPTOP-V2P5S4MK', ip: '192.168.1.3', os.name: 'Windows 10', os.arch: 'amd64', os.version: '10.0', java.version: '17.0.7'
Driver info: com.kms.katalon.selenium.driver.CChromeDriver
Capabilities {acceptInsecureCerts: false, browserName: chrome, browserVersion: 121.0.6167.140, chrome: {chromedriverVersion: 120.0.6099.71 (9729082fe617..., userDataDir: C:\Users\Devil\AppData\Loca...}, fedcm:accounts: true, goog:chromeOptions: {debuggerAddress: localhost:49412}, javascriptEnabled: true, networkConnectionEnabled: false, pageLoadStrategy: normal, platform: WINDOWS, platformName: WINDOWS, proxy: Proxy(), setWindowRect: true, strictFileInteractability: false, timeouts: {implicit: 0, pageLoad: 300000, script: 30000}, unhandledPromptBehavior: dismiss and notify, webauthn:extension:credBlob: true, webauthn:extension:largeBlob: true, webauthn:extension:minPinLength: true, webauthn:extension:prf: true, webauthn:virtualAuthenticators: true}
Session ID: 567a808e6a31eb564c56cabf7012919d
	at java.base/jdk.internal.reflect.NativeConstructorAccessorImpl.newInstance0(Native Method)
	at java.base/jdk.internal.reflect.NativeConstructorAccessorImpl.newInstance(NativeConstructorAccessorImpl.java:77)
	at java.base/jdk.internal.reflect.DelegatingConstructorAccessorImpl.newInstance(DelegatingConstructorAccessorImpl.java:45)
	at org.openqa.selenium.remote.http.W3CHttpResponseCodec.createException(W3CHttpResponseCodec.java:187)
	at org.openqa.selenium.remote.http.W3CHttpResponseCodec.decode(W3CHttpResponseCodec.java:122)
	at org.openqa.selenium.remote.http.W3CHttpResponseCodec.decode(W3CHttpResponseCodec.java:49)
	at org.openqa.selenium.remote.HttpCommandExecutor.execute(HttpCommandExecutor.java:158)
	at org.openqa.selenium.remote.service.DriverCommandExecutor.execute(DriverCommandExecutor.java:83)
	at org.openqa.selenium.remote.RemoteWebDriver.execute(RemoteWebDriver.java:552)
	at com.kms.katalon.selenium.driver.CChromeDriver.execute(CChromeDriver.java:19)
	at org.openqa.selenium.remote.RemoteWebElement.execute(RemoteWebElement.java:285)
	at org.openqa.selenium.remote.RemoteWebElement.click(RemoteWebElement.java:84)
	at java.base/jdk.internal.reflect.NativeMethodAccessorImpl.invoke0(Native Method)
	at java.base/jdk.internal.reflect.NativeMethodAccessorImpl.invoke(NativeMethodAccessorImpl.java:77)
	at java.base/jdk.internal.reflect.DelegatingMethodAccessorImpl.invoke(DelegatingMethodAccessorImpl.java:43)
	at org.openqa.selenium.support.events.EventFiringWebDriver$EventFiringWebElement.lambda$new$0(EventFiringWebDriver.java:404)
	at jdk.proxy2/jdk.proxy2.$Proxy26.click(Unknown Source)
	at org.openqa.selenium.support.events.EventFiringWebDriver$EventFiringWebElement.click(EventFiringWebDriver.java:417)
	at org.openqa.selenium.WebElement$click.call(Unknown Source)
	at com.kms.katalon.core.webui.keyword.builtin.ClickKeyword.clickUntilSuccessWithTimeout(ClickKeyword.groovy:81)
	at com.kms.katalon.core.webui.keyword.builtin.ClickKeyword.clickUntilSuccessWithTimeout(ClickKeyword.groovy)
	at java.base/jdk.internal.reflect.NativeMethodAccessorImpl.invoke0(Native Method)
	at java.base/jdk.internal.reflect.NativeMethodAccessorImpl.invoke(NativeMethodAccessorImpl.java:77)
	at java.base/jdk.internal.reflect.DelegatingMethodAccessorImpl.invoke(DelegatingMethodAccessorImpl.java:43)
	at com.kms.katalon.core.webui.keyword.builtin.ClickKeyword$_click_closure1.doCall(ClickKeyword.groovy:67)
	at com.kms.katalon.core.webui.keyword.builtin.ClickKeyword$_click_closure1.call(ClickKeyword.groovy)
	at com.kms.katalon.core.webui.keyword.internal.WebUIKeywordMain.runKeyword(WebUIKeywordMain.groovy:20)
	... 20 more]]></system-out>
      <system-err><![CDATA[06-02-2024T20:05:51 - [TEST_SUITE][FAILED] - successful_login_and_errors: Test Cases/login/login_invalid001 FAILED.
Reason:
com.kms.katalon.core.exception.StepFailedException: Unable to click on object 'Object Repository/login/login_invalid001/Page_Online Shopping site in India Shop Onl_10c5f3/span_Sign in'
	at com.kms.katalon.core.webui.keyword.internal.WebUIKeywordMain.stepFailed(WebUIKeywordMain.groovy:64)
	at com.kms.katalon.core.webui.keyword.internal.WebUIKeywordMain.runKeyword(WebUIKeywordMain.groovy:26)
	at com.kms.katalon.core.webui.keyword.builtin.ClickKeyword.click(ClickKeyword.groovy:74)
	at com.kms.katalon.core.webui.keyword.builtin.ClickKeyword.execute(ClickKeyword.groovy:40)
	at com.kms.katalon.core.keyword.internal.KeywordExecutor.executeKeywordForPlatform(KeywordExecutor.groovy:74)
	at com.kms.katalon.core.webui.keyword.WebUiBuiltInKeywords.click(WebUiBuiltInKeywords.groovy:659)
	at login_invalid001.run(login_invalid001:24)
	at com.kms.katalon.core.main.ScriptEngine.run(ScriptEngine.java:194)
	at com.kms.katalon.core.main.ScriptEngine.runScriptAsRawText(ScriptEngine.java:119)
	at com.kms.katalon.core.main.TestCaseExecutor.runScript(TestCaseExecutor.java:448)
	at com.kms.katalon.core.main.TestCaseExecutor.doExecute(TestCaseExecutor.java:439)
	at com.kms.katalon.core.main.TestCaseExecutor.processExecutionPhase(TestCaseExecutor.java:418)
	at com.kms.katalon.core.main.TestCaseExecutor.accessMainPhase(TestCaseExecutor.java:410)
	at com.kms.katalon.core.main.TestCaseExecutor.execute(TestCaseExecutor.java:285)
	at com.kms.katalon.core.common.CommonExecutor.accessTestCaseMainPhase(CommonExecutor.java:65)
	at com.kms.katalon.core.main.TestSuiteExecutor.accessTestSuiteMainPhase(TestSuiteExecutor.java:148)
	at com.kms.katalon.core.main.TestSuiteExecutor.execute(TestSuiteExecutor.java:106)
	at com.kms.katalon.core.main.TestCaseMain.startTestSuite(TestCaseMain.java:180)
	at TempTestSuite1707230145418.run(TempTestSuite1707230145418.groovy:36)
	at java.base/jdk.internal.reflect.NativeMethodAccessorImpl.invoke0(Native Method)
	at java.base/jdk.internal.reflect.NativeMethodAccessorImpl.invoke(NativeMethodAccessorImpl.java:77)
	at java.base/jdk.internal.reflect.DelegatingMethodAccessorImpl.invoke(DelegatingMethodAccessorImpl.java:43)
Caused by: org.openqa.selenium.ElementNotInteractableException: element not interactable
  (Session info: chrome=121.0.6167.140)
Build info: version: '3.141.59', revision: 'e82be7d358', time: '2018-11-14T08:25:53'
System info: host: 'LAPTOP-V2P5S4MK', ip: '192.168.1.3', os.name: 'Windows 10', os.arch: 'amd64', os.version: '10.0', java.version: '17.0.7'
Driver info: com.kms.katalon.selenium.driver.CChromeDriver
Capabilities {acceptInsecureCerts: false, browserName: chrome, browserVersion: 121.0.6167.140, chrome: {chromedriverVersion: 120.0.6099.71 (9729082fe617..., userDataDir: C:\Users\Devil\AppData\Loca...}, fedcm:accounts: true, goog:chromeOptions: {debuggerAddress: localhost:49412}, javascriptEnabled: true, networkConnectionEnabled: false, pageLoadStrategy: normal, platform: WINDOWS, platformName: WINDOWS, proxy: Proxy(), setWindowRect: true, strictFileInteractability: false, timeouts: {implicit: 0, pageLoad: 300000, script: 30000}, unhandledPromptBehavior: dismiss and notify, webauthn:extension:credBlob: true, webauthn:extension:largeBlob: true, webauthn:extension:minPinLength: true, webauthn:extension:prf: true, webauthn:virtualAuthenticators: true}
Session ID: 567a808e6a31eb564c56cabf7012919d
	at java.base/jdk.internal.reflect.NativeConstructorAccessorImpl.newInstance0(Native Method)
	at java.base/jdk.internal.reflect.NativeConstructorAccessorImpl.newInstance(NativeConstructorAccessorImpl.java:77)
	at java.base/jdk.internal.reflect.DelegatingConstructorAccessorImpl.newInstance(DelegatingConstructorAccessorImpl.java:45)
	at org.openqa.selenium.remote.http.W3CHttpResponseCodec.createException(W3CHttpResponseCodec.java:187)
	at org.openqa.selenium.remote.http.W3CHttpResponseCodec.decode(W3CHttpResponseCodec.java:122)
	at org.openqa.selenium.remote.http.W3CHttpResponseCodec.decode(W3CHttpResponseCodec.java:49)
	at org.openqa.selenium.remote.HttpCommandExecutor.execute(HttpCommandExecutor.java:158)
	at org.openqa.selenium.remote.service.DriverCommandExecutor.execute(DriverCommandExecutor.java:83)
	at org.openqa.selenium.remote.RemoteWebDriver.execute(RemoteWebDriver.java:552)
	at com.kms.katalon.selenium.driver.CChromeDriver.execute(CChromeDriver.java:19)
	at org.openqa.selenium.remote.RemoteWebElement.execute(RemoteWebElement.java:285)
	at org.openqa.selenium.remote.RemoteWebElement.click(RemoteWebElement.java:84)
	at java.base/jdk.internal.reflect.NativeMethodAccessorImpl.invoke0(Native Method)
	at java.base/jdk.internal.reflect.NativeMethodAccessorImpl.invoke(NativeMethodAccessorImpl.java:77)
	at java.base/jdk.internal.reflect.DelegatingMethodAccessorImpl.invoke(DelegatingMethodAccessorImpl.java:43)
	at org.openqa.selenium.support.events.EventFiringWebDriver$EventFiringWebElement.lambda$new$0(EventFiringWebDriver.java:404)
	at jdk.proxy2/jdk.proxy2.$Proxy26.click(Unknown Source)
	at org.openqa.selenium.support.events.EventFiringWebDriver$EventFiringWebElement.click(EventFiringWebDriver.java:417)
	at org.openqa.selenium.WebElement$click.call(Unknown Source)
	at com.kms.katalon.core.webui.keyword.builtin.ClickKeyword.clickUntilSuccessWithTimeout(ClickKeyword.groovy:81)
	at com.kms.katalon.core.webui.keyword.builtin.ClickKeyword.clickUntilSuccessWithTimeout(ClickKeyword.groovy)
	at java.base/jdk.internal.reflect.NativeMethodAccessorImpl.invoke0(Native Method)
	at java.base/jdk.internal.reflect.NativeMethodAccessorImpl.invoke(NativeMethodAccessorImpl.java:77)
	at java.base/jdk.internal.reflect.DelegatingMethodAccessorImpl.invoke(DelegatingMethodAccessorImpl.java:43)
	at com.kms.katalon.core.webui.keyword.builtin.ClickKeyword$_click_closure1.doCall(ClickKeyword.groovy:67)
	at com.kms.katalon.core.webui.keyword.builtin.ClickKeyword$_click_closure1.call(ClickKeyword.groovy)
	at com.kms.katalon.core.webui.keyword.internal.WebUIKeywordMain.runKeyword(WebUIKeywordMain.groovy:20)
	... 20 more]]></system-err>
   </testsuite>
</testsuites>
